<?xml version="1.0" encoding="UTF-8"?>
<robot generator="Robot 3.1.2 (Python 3.7.3 on linux)" generated="20200226 02:32:25.284" rpa="false">
<suite id="s1" name="Atest" source="/media/EXT/app/work/applifting/productmaker/services/tests/api/atest">
<suite id="s1-s1" name="Healthcheck" source="/media/EXT/app/work/applifting/productmaker/services/tests/api/atest/healthcheck.robot">
<test id="s1-s1-t1" name="GET healtcheck method">
<kw name="Get" library="REST">
<tags>
<tag>http</tag>
</tags>
<doc>*Sends a GET request to the endpoint.*</doc>
<arguments>
<arg>/system/healthcheck</arg>
</arguments>
<status status="PASS" starttime="20200226 02:32:25.892" endtime="20200226 02:32:25.921"></status>
</kw>
<kw name="Integer" library="REST">
<tags>
<tag>assertions</tag>
</tags>
<doc>*Asserts the field as JSON integer.*</doc>
<arguments>
<arg>response status</arg>
<arg>200</arg>
</arguments>
<status status="PASS" starttime="20200226 02:32:25.921" endtime="20200226 02:32:25.922"></status>
</kw>
<kw name="String" library="REST">
<tags>
<tag>assertions</tag>
</tags>
<doc>*Asserts the field as JSON string.*</doc>
<arguments>
<arg>response body status</arg>
<arg>OK</arg>
</arguments>
<status status="PASS" starttime="20200226 02:32:25.922" endtime="20200226 02:32:25.923"></status>
</kw>
<status status="PASS" starttime="20200226 02:32:25.891" endtime="20200226 02:32:25.923" critical="yes"></status>
</test>
<test id="s1-s1-t2" name="PATCH healtcheck method, negative test">
<kw name="Patch" library="REST">
<tags>
<tag>http</tag>
</tags>
<doc>*Sends a PATCH request to the endpoint.*</doc>
<arguments>
<arg>/system/healthcheck</arg>
<arg>{}</arg>
</arguments>
<status status="PASS" starttime="20200226 02:32:25.924" endtime="20200226 02:32:25.931"></status>
</kw>
<kw name="Integer" library="REST">
<tags>
<tag>assertions</tag>
</tags>
<doc>*Asserts the field as JSON integer.*</doc>
<arguments>
<arg>response status</arg>
<arg>405</arg>
</arguments>
<status status="PASS" starttime="20200226 02:32:25.931" endtime="20200226 02:32:25.931"></status>
</kw>
<status status="PASS" starttime="20200226 02:32:25.923" endtime="20200226 02:32:25.932" critical="yes"></status>
</test>
<doc>Test scenarios for healtcheck method.</doc>
<status status="PASS" starttime="20200226 02:32:25.323" endtime="20200226 02:32:25.932"></status>
</suite>
<suite id="s1-s2" name="Products" source="/media/EXT/app/work/applifting/productmaker/services/tests/api/atest/products.robot">
<test id="s1-s2-t1" name="CREATE random product">
<kw name="Sentence" library="FakerLibrary">
<doc>Generate a random sentence
:example 'Lorem ipsum dolor sit amet.'</doc>
<assign>
<var>${name}</var>
</assign>
<msg timestamp="20200226 02:32:25.937" level="INFO">${name} = Heavy stuff threat relate baby wide.</msg>
<status status="PASS" starttime="20200226 02:32:25.936" endtime="20200226 02:32:25.937"></status>
</kw>
<kw name="Sentence" library="FakerLibrary">
<doc>Generate a random sentence
:example 'Lorem ipsum dolor sit amet.'</doc>
<assign>
<var>${description}</var>
</assign>
<msg timestamp="20200226 02:32:25.937" level="INFO">${description} = Prevent early perform final recently film focus.</msg>
<status status="PASS" starttime="20200226 02:32:25.937" endtime="20200226 02:32:25.937"></status>
</kw>
<kw name="Post" library="REST">
<tags>
<tag>http</tag>
</tags>
<doc>*Sends a POST request to the endpoint.*</doc>
<arguments>
<arg>/products</arg>
<arg>{ "name": "${name}", "description": "${description}" }</arg>
</arguments>
<status status="PASS" starttime="20200226 02:32:25.938" endtime="20200226 02:32:26.378"></status>
</kw>
<kw name="Integer" library="REST">
<tags>
<tag>assertions</tag>
</tags>
<doc>*Asserts the field as JSON integer.*</doc>
<arguments>
<arg>response status</arg>
<arg>201</arg>
</arguments>
<status status="PASS" starttime="20200226 02:32:26.378" endtime="20200226 02:32:26.379"></status>
</kw>
<kw name="Object" library="REST">
<tags>
<tag>assertions</tag>
</tags>
<doc>*Asserts the field as JSON object.*</doc>
<arguments>
<arg>response body</arg>
</arguments>
<status status="PASS" starttime="20200226 02:32:26.380" endtime="20200226 02:32:26.381"></status>
</kw>
<kw name="String" library="REST">
<tags>
<tag>assertions</tag>
</tags>
<doc>*Asserts the field as JSON string.*</doc>
<arguments>
<arg>response body id</arg>
</arguments>
<status status="PASS" starttime="20200226 02:32:26.382" endtime="20200226 02:32:26.383"></status>
</kw>
<kw name="String" library="REST">
<tags>
<tag>assertions</tag>
</tags>
<doc>*Asserts the field as JSON string.*</doc>
<arguments>
<arg>response body name</arg>
<arg>${name}</arg>
</arguments>
<status status="PASS" starttime="20200226 02:32:26.383" endtime="20200226 02:32:26.384"></status>
</kw>
<kw name="String" library="REST">
<tags>
<tag>assertions</tag>
</tags>
<doc>*Asserts the field as JSON string.*</doc>
<arguments>
<arg>response body description</arg>
<arg>${description}</arg>
</arguments>
<status status="PASS" starttime="20200226 02:32:26.384" endtime="20200226 02:32:26.386"></status>
</kw>
<status status="PASS" starttime="20200226 02:32:25.936" endtime="20200226 02:32:26.386" critical="yes"></status>
</test>
<test id="s1-s2-t2" name="GET non existent product">
<kw name="Get" library="REST">
<tags>
<tag>http</tag>
</tags>
<doc>*Sends a GET request to the endpoint.*</doc>
<arguments>
<arg>/products/123</arg>
</arguments>
<status status="PASS" starttime="20200226 02:32:26.388" endtime="20200226 02:32:26.394"></status>
</kw>
<kw name="Integer" library="REST">
<tags>
<tag>assertions</tag>
</tags>
<doc>*Asserts the field as JSON integer.*</doc>
<arguments>
<arg>response status</arg>
<arg>404</arg>
</arguments>
<status status="PASS" starttime="20200226 02:32:26.395" endtime="20200226 02:32:26.395"></status>
</kw>
<status status="PASS" starttime="20200226 02:32:26.387" endtime="20200226 02:32:26.396" critical="yes"></status>
</test>
<test id="s1-s2-t3" name="CREATE random product and verify with GET">
<kw name="Sentence" library="FakerLibrary">
<doc>Generate a random sentence
:example 'Lorem ipsum dolor sit amet.'</doc>
<assign>
<var>${name}</var>
</assign>
<msg timestamp="20200226 02:32:26.397" level="INFO">${name} = Activity toward walk science.</msg>
<status status="PASS" starttime="20200226 02:32:26.396" endtime="20200226 02:32:26.397"></status>
</kw>
<kw name="Sentence" library="FakerLibrary">
<doc>Generate a random sentence
:example 'Lorem ipsum dolor sit amet.'</doc>
<assign>
<var>${description}</var>
</assign>
<msg timestamp="20200226 02:32:26.397" level="INFO">${description} = Soon during deal why foreign.</msg>
<status status="PASS" starttime="20200226 02:32:26.397" endtime="20200226 02:32:26.397"></status>
</kw>
<kw name="Post" library="REST">
<tags>
<tag>http</tag>
</tags>
<doc>*Sends a POST request to the endpoint.*</doc>
<arguments>
<arg>/products</arg>
<arg>{ "name": "${name}", "description": "${description}" }</arg>
</arguments>
<assign>
<var>&amp;{res}</var>
</assign>
<msg timestamp="20200226 02:32:26.862" level="INFO">&amp;{res} = { seconds=0.45972500000000005 | status=201 | body={'id': 'fe190929-2063-4921-8809-4863cf61b5bc', 'name': 'Activity toward walk science.', 'description': 'Soon during deal why foreign.'} | headers={'Co...</msg>
<status status="PASS" starttime="20200226 02:32:26.398" endtime="20200226 02:32:26.862"></status>
</kw>
<kw name="Integer" library="REST">
<tags>
<tag>assertions</tag>
</tags>
<doc>*Asserts the field as JSON integer.*</doc>
<arguments>
<arg>response status</arg>
<arg>201</arg>
</arguments>
<status status="PASS" starttime="20200226 02:32:26.863" endtime="20200226 02:32:26.864"></status>
</kw>
<kw name="Get" library="REST">
<tags>
<tag>http</tag>
</tags>
<doc>*Sends a GET request to the endpoint.*</doc>
<arguments>
<arg>/products/${res.body['id']}</arg>
</arguments>
<status status="PASS" starttime="20200226 02:32:26.865" endtime="20200226 02:32:26.876"></status>
</kw>
<kw name="Integer" library="REST">
<tags>
<tag>assertions</tag>
</tags>
<doc>*Asserts the field as JSON integer.*</doc>
<arguments>
<arg>response status</arg>
<arg>200</arg>
</arguments>
<status status="PASS" starttime="20200226 02:32:26.876" endtime="20200226 02:32:26.878"></status>
</kw>
<kw name="String" library="REST">
<tags>
<tag>assertions</tag>
</tags>
<doc>*Asserts the field as JSON string.*</doc>
<arguments>
<arg>response body name</arg>
<arg>${name}</arg>
</arguments>
<status status="PASS" starttime="20200226 02:32:26.878" endtime="20200226 02:32:26.879"></status>
</kw>
<kw name="String" library="REST">
<tags>
<tag>assertions</tag>
</tags>
<doc>*Asserts the field as JSON string.*</doc>
<arguments>
<arg>response body description</arg>
<arg>${description}</arg>
</arguments>
<status status="PASS" starttime="20200226 02:32:26.879" endtime="20200226 02:32:26.880"></status>
</kw>
<status status="PASS" starttime="20200226 02:32:26.396" endtime="20200226 02:32:26.881" critical="yes"></status>
</test>
<doc>Test scenarios for products method.</doc>
<status status="PASS" starttime="20200226 02:32:25.933" endtime="20200226 02:32:26.882"></status>
</suite>
<suite id="s1-s3" name="System" source="/media/EXT/app/work/applifting/productmaker/services/tests/api/atest/system.robot">
<test id="s1-s3-t1" name="GET invalid page, negative test">
<kw name="Get" library="REST">
<tags>
<tag>http</tag>
</tags>
<doc>*Sends a GET request to the endpoint.*</doc>
<arguments>
<arg>/404/notfound</arg>
</arguments>
<status status="PASS" starttime="20200226 02:32:26.889" endtime="20200226 02:32:26.894"></status>
</kw>
<kw name="Integer" library="REST">
<tags>
<tag>assertions</tag>
</tags>
<doc>*Asserts the field as JSON integer.*</doc>
<arguments>
<arg>response status</arg>
<arg>404</arg>
</arguments>
<status status="PASS" starttime="20200226 02:32:26.894" endtime="20200226 02:32:26.895"></status>
</kw>
<status status="PASS" starttime="20200226 02:32:26.888" endtime="20200226 02:32:26.895" critical="yes"></status>
</test>
<doc>Test scenarios for healtcheck method.</doc>
<status status="PASS" starttime="20200226 02:32:26.884" endtime="20200226 02:32:26.896"></status>
</suite>
<status status="PASS" starttime="20200226 02:32:25.285" endtime="20200226 02:32:26.898"></status>
</suite>
<statistics>
<total>
<stat pass="6" fail="0">Critical Tests</stat>
<stat pass="6" fail="0">All Tests</stat>
</total>
<tag>
</tag>
<suite>
<stat pass="6" fail="0" id="s1" name="Atest">Atest</stat>
<stat pass="2" fail="0" id="s1-s1" name="Healthcheck">Atest.Healthcheck</stat>
<stat pass="3" fail="0" id="s1-s2" name="Products">Atest.Products</stat>
<stat pass="1" fail="0" id="s1-s3" name="System">Atest.System</stat>
</suite>
</statistics>
<errors>
</errors>
</robot>
