<?xml version="1.0" encoding="UTF-8"?>
<robot generator="Robot 3.1.2 (Python 3.7.3 on linux)" generated="20200226 00:32:13.099" rpa="false">
<suite id="s1" name="Atest" source="/media/EXT/app/work/applifting/productmaker/services/tests/api/atest">
<suite id="s1-s1" name="Healthcheck" source="/media/EXT/app/work/applifting/productmaker/services/tests/api/atest/healthcheck.robot">
<test id="s1-s1-t1" name="GET healtcheck method">
<kw name="Get" library="REST">
<tags>
<tag>http</tag>
</tags>
<doc>*Sends a GET request to the endpoint.*</doc>
<arguments>
<arg>/system/healthcheck</arg>
</arguments>
<status status="PASS" starttime="20200226 00:32:13.496" endtime="20200226 00:32:13.524"></status>
</kw>
<kw name="Integer" library="REST">
<tags>
<tag>assertions</tag>
</tags>
<doc>*Asserts the field as JSON integer.*</doc>
<arguments>
<arg>response status</arg>
<arg>200</arg>
</arguments>
<status status="PASS" starttime="20200226 00:32:13.524" endtime="20200226 00:32:13.525"></status>
</kw>
<kw name="String" library="REST">
<tags>
<tag>assertions</tag>
</tags>
<doc>*Asserts the field as JSON string.*</doc>
<arguments>
<arg>response body status</arg>
<arg>OK</arg>
</arguments>
<status status="PASS" starttime="20200226 00:32:13.525" endtime="20200226 00:32:13.526"></status>
</kw>
<status status="PASS" starttime="20200226 00:32:13.496" endtime="20200226 00:32:13.526" critical="yes"></status>
</test>
<test id="s1-s1-t2" name="PATCH healtcheck method, negative test">
<kw name="Patch" library="REST">
<tags>
<tag>http</tag>
</tags>
<doc>*Sends a PATCH request to the endpoint.*</doc>
<arguments>
<arg>/system/healthcheck</arg>
<arg>{}</arg>
</arguments>
<status status="PASS" starttime="20200226 00:32:13.527" endtime="20200226 00:32:13.533"></status>
</kw>
<kw name="Integer" library="REST">
<tags>
<tag>assertions</tag>
</tags>
<doc>*Asserts the field as JSON integer.*</doc>
<arguments>
<arg>response status</arg>
<arg>405</arg>
</arguments>
<status status="PASS" starttime="20200226 00:32:13.533" endtime="20200226 00:32:13.534"></status>
</kw>
<status status="PASS" starttime="20200226 00:32:13.527" endtime="20200226 00:32:13.534" critical="yes"></status>
</test>
<doc>Test scenarios for healtcheck method.</doc>
<status status="PASS" starttime="20200226 00:32:13.124" endtime="20200226 00:32:13.535"></status>
</suite>
<suite id="s1-s2" name="Products" source="/media/EXT/app/work/applifting/productmaker/services/tests/api/atest/products.robot">
<test id="s1-s2-t1" name="CREATE random product">
<kw name="Sentence" library="FakerLibrary">
<doc>Generate a random sentence
:example 'Lorem ipsum dolor sit amet.'</doc>
<assign>
<var>${name}</var>
</assign>
<msg timestamp="20200226 00:32:13.539" level="INFO">${name} = Either decision pretty room majority build wrong check.</msg>
<status status="PASS" starttime="20200226 00:32:13.539" endtime="20200226 00:32:13.539"></status>
</kw>
<kw name="Sentence" library="FakerLibrary">
<doc>Generate a random sentence
:example 'Lorem ipsum dolor sit amet.'</doc>
<assign>
<var>${description}</var>
</assign>
<msg timestamp="20200226 00:32:13.540" level="INFO">${description} = Road window position success true another free.</msg>
<status status="PASS" starttime="20200226 00:32:13.540" endtime="20200226 00:32:13.540"></status>
</kw>
<kw name="Post" library="REST">
<tags>
<tag>http</tag>
</tags>
<doc>*Sends a POST request to the endpoint.*</doc>
<arguments>
<arg>/products</arg>
<arg>{ "name": "${name}", "description": "${description}" }</arg>
</arguments>
<status status="PASS" starttime="20200226 00:32:13.540" endtime="20200226 00:32:28.407"></status>
</kw>
<kw name="Integer" library="REST">
<tags>
<tag>assertions</tag>
</tags>
<doc>*Asserts the field as JSON integer.*</doc>
<arguments>
<arg>response status</arg>
<arg>201</arg>
</arguments>
<status status="PASS" starttime="20200226 00:32:28.408" endtime="20200226 00:32:28.409"></status>
</kw>
<kw name="Object" library="REST">
<tags>
<tag>assertions</tag>
</tags>
<doc>*Asserts the field as JSON object.*</doc>
<arguments>
<arg>response body</arg>
</arguments>
<status status="PASS" starttime="20200226 00:32:28.410" endtime="20200226 00:32:28.411"></status>
</kw>
<kw name="String" library="REST">
<tags>
<tag>assertions</tag>
</tags>
<doc>*Asserts the field as JSON string.*</doc>
<arguments>
<arg>response body id</arg>
</arguments>
<status status="PASS" starttime="20200226 00:32:28.412" endtime="20200226 00:32:28.413"></status>
</kw>
<kw name="String" library="REST">
<tags>
<tag>assertions</tag>
</tags>
<doc>*Asserts the field as JSON string.*</doc>
<arguments>
<arg>response body name</arg>
<arg>${name}</arg>
</arguments>
<status status="PASS" starttime="20200226 00:32:28.413" endtime="20200226 00:32:28.414"></status>
</kw>
<kw name="String" library="REST">
<tags>
<tag>assertions</tag>
</tags>
<doc>*Asserts the field as JSON string.*</doc>
<arguments>
<arg>response body description</arg>
<arg>${description}</arg>
</arguments>
<status status="PASS" starttime="20200226 00:32:28.415" endtime="20200226 00:32:28.416"></status>
</kw>
<status status="PASS" starttime="20200226 00:32:13.539" endtime="20200226 00:32:28.416" critical="yes"></status>
</test>
<test id="s1-s2-t2" name="GET non existent product">
<kw name="Get" library="REST">
<tags>
<tag>http</tag>
</tags>
<doc>*Sends a GET request to the endpoint.*</doc>
<arguments>
<arg>/products/123</arg>
</arguments>
<status status="PASS" starttime="20200226 00:32:28.417" endtime="20200226 00:32:28.423"></status>
</kw>
<kw name="Integer" library="REST">
<tags>
<tag>assertions</tag>
</tags>
<doc>*Asserts the field as JSON integer.*</doc>
<arguments>
<arg>response status</arg>
<arg>404</arg>
</arguments>
<status status="PASS" starttime="20200226 00:32:28.424" endtime="20200226 00:32:28.424"></status>
</kw>
<status status="PASS" starttime="20200226 00:32:28.417" endtime="20200226 00:32:28.425" critical="yes"></status>
</test>
<test id="s1-s2-t3" name="CREATE random product and verify with GET">
<kw name="Sentence" library="FakerLibrary">
<doc>Generate a random sentence
:example 'Lorem ipsum dolor sit amet.'</doc>
<assign>
<var>${name}</var>
</assign>
<msg timestamp="20200226 00:32:28.426" level="INFO">${name} = Interesting agent sense together population.</msg>
<status status="PASS" starttime="20200226 00:32:28.426" endtime="20200226 00:32:28.426"></status>
</kw>
<kw name="Sentence" library="FakerLibrary">
<doc>Generate a random sentence
:example 'Lorem ipsum dolor sit amet.'</doc>
<assign>
<var>${description}</var>
</assign>
<msg timestamp="20200226 00:32:28.427" level="INFO">${description} = Trade walk study name.</msg>
<status status="PASS" starttime="20200226 00:32:28.427" endtime="20200226 00:32:28.427"></status>
</kw>
<kw name="Post" library="REST">
<tags>
<tag>http</tag>
</tags>
<doc>*Sends a POST request to the endpoint.*</doc>
<arguments>
<arg>/products</arg>
<arg>{ "name": "${name}", "description": "${description}" }</arg>
</arguments>
<assign>
<var>&amp;{res}</var>
</assign>
<msg timestamp="20200226 00:32:28.841" level="INFO">&amp;{res} = { seconds=0.409777 | status=201 | body={'id': '1bb50c13-8f0a-49d2-828e-29451c7f0ec9', 'name': 'Interesting agent sense together population.', 'description': 'Trade walk study name.'} | headers={'Conne...</msg>
<status status="PASS" starttime="20200226 00:32:28.427" endtime="20200226 00:32:28.841"></status>
</kw>
<kw name="Integer" library="REST">
<tags>
<tag>assertions</tag>
</tags>
<doc>*Asserts the field as JSON integer.*</doc>
<arguments>
<arg>response status</arg>
<arg>201</arg>
</arguments>
<status status="PASS" starttime="20200226 00:32:28.841" endtime="20200226 00:32:28.842"></status>
</kw>
<kw name="Get" library="REST">
<tags>
<tag>http</tag>
</tags>
<doc>*Sends a GET request to the endpoint.*</doc>
<arguments>
<arg>/products/${res.body['id']}</arg>
</arguments>
<status status="PASS" starttime="20200226 00:32:28.842" endtime="20200226 00:32:28.853"></status>
</kw>
<kw name="Integer" library="REST">
<tags>
<tag>assertions</tag>
</tags>
<doc>*Asserts the field as JSON integer.*</doc>
<arguments>
<arg>response status</arg>
<arg>200</arg>
</arguments>
<status status="PASS" starttime="20200226 00:32:28.853" endtime="20200226 00:32:28.854"></status>
</kw>
<kw name="String" library="REST">
<tags>
<tag>assertions</tag>
</tags>
<doc>*Asserts the field as JSON string.*</doc>
<arguments>
<arg>response body name</arg>
<arg>${name}</arg>
</arguments>
<status status="PASS" starttime="20200226 00:32:28.854" endtime="20200226 00:32:28.855"></status>
</kw>
<kw name="String" library="REST">
<tags>
<tag>assertions</tag>
</tags>
<doc>*Asserts the field as JSON string.*</doc>
<arguments>
<arg>response body description</arg>
<arg>${description}</arg>
</arguments>
<status status="PASS" starttime="20200226 00:32:28.855" endtime="20200226 00:32:28.856"></status>
</kw>
<status status="PASS" starttime="20200226 00:32:28.425" endtime="20200226 00:32:28.857" critical="yes"></status>
</test>
<doc>Test scenarios for products method.</doc>
<status status="PASS" starttime="20200226 00:32:13.535" endtime="20200226 00:32:28.858"></status>
</suite>
<suite id="s1-s3" name="System" source="/media/EXT/app/work/applifting/productmaker/services/tests/api/atest/system.robot">
<test id="s1-s3-t1" name="GET invalid page, negative test">
<kw name="Get" library="REST">
<tags>
<tag>http</tag>
</tags>
<doc>*Sends a GET request to the endpoint.*</doc>
<arguments>
<arg>/404/notfound</arg>
</arguments>
<status status="PASS" starttime="20200226 00:32:28.863" endtime="20200226 00:32:28.868"></status>
</kw>
<kw name="Integer" library="REST">
<tags>
<tag>assertions</tag>
</tags>
<doc>*Asserts the field as JSON integer.*</doc>
<arguments>
<arg>response status</arg>
<arg>404</arg>
</arguments>
<status status="PASS" starttime="20200226 00:32:28.868" endtime="20200226 00:32:28.870"></status>
</kw>
<status status="PASS" starttime="20200226 00:32:28.863" endtime="20200226 00:32:28.870" critical="yes"></status>
</test>
<doc>Test scenarios for healtcheck method.</doc>
<status status="PASS" starttime="20200226 00:32:28.859" endtime="20200226 00:32:28.870"></status>
</suite>
<status status="PASS" starttime="20200226 00:32:13.100" endtime="20200226 00:32:28.871"></status>
</suite>
<statistics>
<total>
<stat pass="6" fail="0">Critical Tests</stat>
<stat pass="6" fail="0">All Tests</stat>
</total>
<tag>
</tag>
<suite>
<stat pass="6" fail="0" id="s1" name="Atest">Atest</stat>
<stat pass="2" fail="0" id="s1-s1" name="Healthcheck">Atest.Healthcheck</stat>
<stat pass="3" fail="0" id="s1-s2" name="Products">Atest.Products</stat>
<stat pass="1" fail="0" id="s1-s3" name="System">Atest.System</stat>
</suite>
</statistics>
<errors>
</errors>
</robot>
